Traceback (most recent call last):
  File "/opt/hostedtoolcache/Python/3.9.7/x64/lib/python3.9/site-packages/jupyter_cache/executors/utils.py", line 51, in single_nb_execution
    executenb(
  File "/opt/hostedtoolcache/Python/3.9.7/x64/lib/python3.9/site-packages/nbclient/client.py", line 1117, in execute
    return NotebookClient(nb=nb, resources=resources, km=km, **kwargs).execute()
  File "/opt/hostedtoolcache/Python/3.9.7/x64/lib/python3.9/site-packages/nbclient/util.py", line 78, in wrapped
    return just_run(coro(*args, **kwargs))
  File "/opt/hostedtoolcache/Python/3.9.7/x64/lib/python3.9/site-packages/nbclient/util.py", line 57, in just_run
    return loop.run_until_complete(coro)
  File "/opt/hostedtoolcache/Python/3.9.7/x64/lib/python3.9/asyncio/base_events.py", line 642, in run_until_complete
    return future.result()
  File "/opt/hostedtoolcache/Python/3.9.7/x64/lib/python3.9/site-packages/nbclient/client.py", line 558, in async_execute
    await self.async_execute_cell(
  File "/opt/hostedtoolcache/Python/3.9.7/x64/lib/python3.9/site-packages/nbclient/client.py", line 862, in async_execute_cell
    self._check_raise_for_error(cell, exec_reply)
  File "/opt/hostedtoolcache/Python/3.9.7/x64/lib/python3.9/site-packages/nbclient/client.py", line 765, in _check_raise_for_error
    raise CellExecutionError.from_cell_and_msg(cell, exec_reply_content)
nbclient.exceptions.CellExecutionError: An error occurred while executing the following cell:
------------------
<<<<<<< HEAD
<<<<<<< HEAD
=======
>>>>>>> cooperrc-master
beers_filled = beers.fillna(0)

ibu = beers_filled['ibu'].values
abv = beers_filled['abv'].values

beers_styles = beers_filled.drop(['Unnamed: 0','name','brewery_id','ounces','id'], axis=1)
style_counts = beers_styles['style'].value_counts()
style_counts = style_counts.sort_index()
style_means = beers_styles.groupby('style').mean()

colors = cm.viridis(style_counts.values)
style_means.plot.scatter(figsize=(10,10), 
                         x='abv', y='ibu', s=style_counts*20, color = colors,
                         title='Beer ABV vs. IBU mean values by style\n',
                         alpha=0.3); 
=======

>>>>>>> d7cf0d8ce41b3b43def20b580643462f78a237e5
------------------

[0;36m  File [0;32m"/tmp/ipykernel_1757/868228763.py"[0;36m, line [0;32m1[0m
[0;31m    <<<<<<< HEAD[0m
[0m    ^[0m
[0;31mSyntaxError[0m[0;31m:[0m invalid syntax

SyntaxError: invalid syntax (868228763.py, line 1)

