Traceback (most recent call last):
  File "/opt/hostedtoolcache/Python/3.9.7/x64/lib/python3.9/site-packages/jupyter_cache/executors/utils.py", line 51, in single_nb_execution
    executenb(
  File "/opt/hostedtoolcache/Python/3.9.7/x64/lib/python3.9/site-packages/nbclient/client.py", line 1117, in execute
    return NotebookClient(nb=nb, resources=resources, km=km, **kwargs).execute()
  File "/opt/hostedtoolcache/Python/3.9.7/x64/lib/python3.9/site-packages/nbclient/util.py", line 78, in wrapped
    return just_run(coro(*args, **kwargs))
  File "/opt/hostedtoolcache/Python/3.9.7/x64/lib/python3.9/site-packages/nbclient/util.py", line 57, in just_run
    return loop.run_until_complete(coro)
  File "/opt/hostedtoolcache/Python/3.9.7/x64/lib/python3.9/asyncio/base_events.py", line 642, in run_until_complete
    return future.result()
  File "/opt/hostedtoolcache/Python/3.9.7/x64/lib/python3.9/site-packages/nbclient/client.py", line 558, in async_execute
    await self.async_execute_cell(
  File "/opt/hostedtoolcache/Python/3.9.7/x64/lib/python3.9/site-packages/nbclient/client.py", line 862, in async_execute_cell
    self._check_raise_for_error(cell, exec_reply)
  File "/opt/hostedtoolcache/Python/3.9.7/x64/lib/python3.9/site-packages/nbclient/client.py", line 765, in _check_raise_for_error
    raise CellExecutionError.from_cell_and_msg(cell, exec_reply_content)
nbclient.exceptions.CellExecutionError: An error occurred while executing the following cell:
------------------
def montecarlopi(N):
    '''Create random x-y-coordinates to and use ratio of circle-to-square to 
    calculate the value of pi
    i.e. Acircle/Asquare = pi/4
    Arguments
    ---------
    N: number of random points to produce between x=0-1 and y=0-1
    
    Returns
    -------
    our_pi: the best prediction of pi using N points
    '''
    

<<<<<<< HEAD
<<<<<<< HEAD
    x = rng.random(N);
    y = rng.random(N);
=======
    x = rng.random(N,1);
    y = rng.random(N,1);
>>>>>>> d7cf0d8ce41b3b43def20b580643462f78a237e5
=======
    x = rng.random(N);
    y = rng.random(N);
>>>>>>> cooperrc-master
    R=np.sqrt(x**2+y**2); # compute radius
    num_in_circle=sum(R<1);
    total_num_pts =len(R);
    our_pi = 4*num_in_circle/total_num_pts;
    return our_pi
------------------

[0;36m  File [0;32m"/tmp/ipykernel_1803/1013822277.py"[0;36m, line [0;32m15[0m
[0;31m    <<<<<<< HEAD[0m
[0m    ^[0m
[0;31mSyntaxError[0m[0;31m:[0m invalid syntax

SyntaxError: invalid syntax (1013822277.py, line 15)

